# JRE version: OpenJDK Runtime Environment (7.0_79-b14) (build 1.7.0_79-b14)
# Java VM: OpenJDK 64-Bit Server VM (24.79-b02 mixed mode linux-amd64 compressed oops)
Heap
 PSYoungGen      total 145920K, used 671K [0x00000007d6a80000, 0x00000007e0980000, 0x0000000800000000)
  eden space 129024K, 0% used [0x00000007d6a80000,0x00000007d6a80000,0x00000007de880000)
  from space 16896K, 3% used [0x00000007de880000,0x00000007de927fc8,0x00000007df900000)
  to   space 15360K, 0% used [0x00000007dfa80000,0x00000007dfa80000,0x00000007e0980000)
 ParOldGen       total 84480K, used 32410K [0x0000000784000000, 0x0000000789280000, 0x00000007d6a80000)
  object space 84480K, 38% used [0x0000000784000000,0x0000000785fa6b40,0x0000000789280000)
 PSPermGen       total 21504K, used 19228K [0x0000000779a00000, 0x000000077af00000, 0x0000000784000000)
  object space 21504K, 89% used [0x0000000779a00000,0x000000077acc70b0,0x000000077af00000)
GC Heap History (10 events):
Event: 12,308 GC heap after
Heap after GC invocations=2 (full 0):
 PSYoungGen      total 37376K, used 4155K [0x00000007d6a80000, 0x00000007db380000, 0x0000000800000000)
  eden space 32256K, 0% used [0x00000007d6a80000,0x00000007d6a80000,0x00000007d8a00000)
  from space 5120K, 81% used [0x00000007d8f00000,0x00000007d930ed28,0x00000007d9400000)
  to   space 5120K, 0% used [0x00000007d8a00000,0x00000007d8a00000,0x00000007d8f00000)
 ParOldGen       total 84480K, used 13262K [0x0000000784000000, 0x0000000789280000, 0x00000007d6a80000)
  object space 84480K, 15% used [0x0000000784000000,0x0000000784cf3bd8,0x0000000789280000)
 PSPermGen       total 21504K, used 18751K [0x0000000779a00000, 0x000000077af00000, 0x0000000784000000)
  object space 21504K, 87% used [0x0000000779a00000,0x000000077ac4fc40,0x000000077af00000)
}
Event: 12,395 GC heap before
{Heap before GC invocations=3 (full 0):
 PSYoungGen      total 37376K, used 36411K [0x00000007d6a80000, 0x00000007db380000, 0x0000000800000000)
  eden space 32256K, 100% used [0x00000007d6a80000,0x00000007d8a00000,0x00000007d8a00000)
  from space 5120K, 81% used [0x00000007d8f00000,0x00000007d930ed28,0x00000007d9400000)
  to   space 5120K, 0% used [0x00000007d8a00000,0x00000007d8a00000,0x00000007d8f00000)
 ParOldGen       total 84480K, used 13264K [0x0000000784000000, 0x0000000789280000, 0x00000007d6a80000)
  object space 84480K, 15% used [0x0000000784000000,0x0000000784cf4038,0x0000000789280000)
 PSPermGen       total 21504K, used 19040K [0x0000000779a00000, 0x000000077af00000, 0x0000000784000000)
  object space 21504K, 88% used [0x0000000779a00000,0x000000077ac98050,0x000000077af00000)
Event: 12,400 GC heap after
Heap after GC invocations=3 (full 0):
 PSYoungGen      total 37376K, used 4727K [0x00000007d6a80000, 0x00000007db380000, 0x0000000800000000)
  eden space 32256K, 0% used [0x00000007d6a80000,0x00000007d6a80000,0x00000007d8a00000)
  from space 5120K, 92% used [0x00000007d8a00000,0x00000007d8e9dfa8,0x00000007d8f00000)
  to   space 5120K, 0% used [0x00000007dae80000,0x00000007dae80000,0x00000007db380000)
 ParOldGen       total 84480K, used 13272K [0x0000000784000000, 0x0000000789280000, 0x00000007d6a80000)
  object space 84480K, 15% used [0x0000000784000000,0x0000000784cf6038,0x0000000789280000)
 PSPermGen       total 21504K, used 19040K [0x0000000779a00000, 0x000000077af00000, 0x0000000784000000)
  object space 21504K, 88% used [0x0000000779a00000,0x000000077ac98050,0x000000077af00000)
}
Event: 12,515 GC heap before
{Heap before GC invocations=4 (full 0):
 PSYoungGen      total 37376K, used 36983K [0x00000007d6a80000, 0x00000007db380000, 0x0000000800000000)
  eden space 32256K, 100% used [0x00000007d6a80000,0x00000007d8a00000,0x00000007d8a00000)
  from space 5120K, 92% used [0x00000007d8a00000,0x00000007d8e9dfa8,0x00000007d8f00000)
  to   space 5120K, 0% used [0x00000007dae80000,0x00000007dae80000,0x00000007db380000)
 ParOldGen       total 84480K, used 13272K [0x0000000784000000, 0x0000000789280000, 0x00000007d6a80000)
  object space 84480K, 15% used [0x0000000784000000,0x0000000784cf6038,0x0000000789280000)
 PSPermGen       total 21504K, used 19046K [0x0000000779a00000, 0x000000077af00000, 0x0000000784000000)
  object space 21504K, 88% used [0x0000000779a00000,0x000000077ac99868,0x000000077af00000)
Event: 12,520 GC heap after
Heap after GC invocations=4 (full 0):
 PSYoungGen      total 69632K, used 4647K [0x00000007d6a80000, 0x00000007db380000, 0x0000000800000000)
  eden space 64512K, 0% used [0x00000007d6a80000,0x00000007d6a80000,0x00000007da980000)
  from space 5120K, 90% used [0x00000007dae80000,0x00000007db309c50,0x00000007db380000)
  to   space 5120K, 0% used [0x00000007da980000,0x00000007da980000,0x00000007dae80000)
 ParOldGen       total 84480K, used 13280K [0x0000000784000000, 0x0000000789280000, 0x00000007d6a80000)
  object space 84480K, 15% used [0x0000000784000000,0x0000000784cf8038,0x0000000789280000)
 PSPermGen       total 21504K, used 19046K [0x0000000779a00000, 0x000000077af00000, 0x0000000784000000)
  object space 21504K, 88% used [0x0000000779a00000,0x000000077ac99868,0x000000077af00000)
}
Event: 12,856 GC heap before
{Heap before GC invocations=5 (full 0):
 PSYoungGen      total 69632K, used 69159K [0x00000007d6a80000, 0x00000007db380000, 0x0000000800000000)
  eden space 64512K, 100% used [0x00000007d6a80000,0x00000007da980000,0x00000007da980000)
  from space 5120K, 90% used [0x00000007dae80000,0x00000007db309c50,0x00000007db380000)
  to   space 5120K, 0% used [0x00000007da980000,0x00000007da980000,0x00000007dae80000)
 ParOldGen       total 84480K, used 13280K [0x0000000784000000, 0x0000000789280000, 0x00000007d6a80000)
  object space 84480K, 15% used [0x0000000784000000,0x0000000784cf8038,0x0000000789280000)
 PSPermGen       total 21504K, used 19055K [0x0000000779a00000, 0x000000077af00000, 0x0000000784000000)
  object space 21504K, 88% used [0x0000000779a00000,0x000000077ac9bd68,0x000000077af00000)
Event: 12,870 GC heap after
Heap after GC invocations=5 (full 0):
 PSYoungGen      total 69632K, used 3396K [0x00000007d6a80000, 0x00000007e0c80000, 0x0000000800000000)
  eden space 64512K, 0% used [0x00000007d6a80000,0x00000007d6a80000,0x00000007da980000)
  from space 5120K, 66% used [0x00000007da980000,0x00000007dacd1170,0x00000007dae80000)
  to   space 18432K, 0% used [0x00000007dfa80000,0x00000007dfa80000,0x00000007e0c80000)
 ParOldGen       total 84480K, used 13280K [0x0000000784000000, 0x0000000789280000, 0x00000007d6a80000)
  object space 84480K, 15% used [0x0000000784000000,0x0000000784cf8038,0x0000000789280000)
 PSPermGen       total 21504K, used 19055K [0x0000000779a00000, 0x000000077af00000, 0x0000000784000000)
  object space 21504K, 88% used [0x0000000779a00000,0x000000077ac9bd68,0x000000077af00000)
}
Event: 13,043 GC heap before
{Heap before GC invocations=6 (full 0):
 PSYoungGen      total 69632K, used 67908K [0x00000007d6a80000, 0x00000007e0c80000, 0x0000000800000000)
  eden space 64512K, 100% used [0x00000007d6a80000,0x00000007da980000,0x00000007da980000)
  from space 5120K, 66% used [0x00000007da980000,0x00000007dacd1170,0x00000007dae80000)
  to   space 18432K, 0% used [0x00000007dfa80000,0x00000007dfa80000,0x00000007e0c80000)
 ParOldGen       total 84480K, used 13280K [0x0000000784000000, 0x0000000789280000, 0x00000007d6a80000)
  object space 84480K, 15% used [0x0000000784000000,0x0000000784cf8038,0x0000000789280000)
 PSPermGen       total 21504K, used 19101K [0x0000000779a00000, 0x000000077af00000, 0x0000000784000000)
  object space 21504K, 88% used [0x0000000779a00000,0x000000077aca76e8,0x000000077af00000)
Event: 13,085 GC heap after
Heap after GC invocations=6 (full 0):
 PSYoungGen      total 144384K, used 5173K [0x00000007d6a80000, 0x00000007e0980000, 0x0000000800000000)
  eden space 129024K, 0% used [0x00000007d6a80000,0x00000007d6a80000,0x00000007de880000)
  from space 15360K, 33% used [0x00000007dfa80000,0x00000007dff8d778,0x00000007e0980000)
  to   space 16896K, 0% used [0x00000007de880000,0x00000007de880000,0x00000007df900000)
 ParOldGen       total 84480K, used 13280K [0x0000000784000000, 0x0000000789280000, 0x00000007d6a80000)
  object space 84480K, 15% used [0x0000000784000000,0x0000000784cf8038,0x0000000789280000)
 PSPermGen       total 21504K, used 19101K [0x0000000779a00000, 0x000000077af00000, 0x0000000784000000)
  object space 21504K, 88% used [0x0000000779a00000,0x000000077aca76e8,0x000000077af00000)
}
Event: 13,479 GC heap before
{Heap before GC invocations=7 (full 0):
 PSYoungGen      total 144384K, used 134197K [0x00000007d6a80000, 0x00000007e0980000, 0x0000000800000000)
  eden space 129024K, 100% used [0x00000007d6a80000,0x00000007de880000,0x00000007de880000)
  from space 15360K, 33% used [0x00000007dfa80000,0x00000007dff8d778,0x00000007e0980000)
  to   space 16896K, 0% used [0x00000007de880000,0x00000007de880000,0x00000007df900000)
 ParOldGen       total 84480K, used 13280K [0x0000000784000000, 0x0000000789280000, 0x00000007d6a80000)
  object space 84480K, 15% used [0x0000000784000000,0x0000000784cf8038,0x0000000789280000)
 PSPermGen       total 21504K, used 19228K [0x0000000779a00000, 0x000000077af00000, 0x0000000784000000)
  object space 21504K, 89% used [0x0000000779a00000,0x000000077acc70b0,0x000000077af00000)

