# JRE version: OpenJDK Runtime Environment (7.0_79-b14) (build 1.7.0_79-b14)
# Java VM: OpenJDK 64-Bit Server VM (24.79-b02 mixed mode linux-amd64 compressed oops)
Heap
 PSYoungGen      total 435200K, used 2361K [0x00000007d6a80000, 0x00000007f2d00000, 0x0000000800000000)
  eden space 409088K, 0% used [0x00000007d6a80000,0x00000007d6a80000,0x00000007efa00000)
  from space 26112K, 9% used [0x00000007efa00000,0x00000007efc4e4e8,0x00000007f1380000)
  to   space 25600K, 0% used [0x00000007f1400000,0x00000007f1400000,0x00000007f2d00000)
 ParOldGen       total 84480K, used 52019K [0x0000000784000000, 0x0000000789280000, 0x00000007d6a80000)
  object space 84480K, 61% used [0x0000000784000000,0x00000007872ccce8,0x0000000789280000)
 PSPermGen       total 21504K, used 19182K [0x0000000779a00000, 0x000000077af00000, 0x0000000784000000)
  object space 21504K, 89% used [0x0000000779a00000,0x000000077acbb948,0x000000077af00000)
GC Heap History (10 events):
Event: 5,030 GC heap after
Heap after GC invocations=6 (full 0):
 PSYoungGen      total 145920K, used 2651K [0x00000007d6a80000, 0x00000007e0a80000, 0x0000000800000000)
  eden space 129024K, 0% used [0x00000007d6a80000,0x00000007d6a80000,0x00000007de880000)
  from space 16896K, 15% used [0x00000007dfa00000,0x00000007dfc96e10,0x00000007e0a80000)
  to   space 17408K, 0% used [0x00000007de880000,0x00000007de880000,0x00000007df980000)
 ParOldGen       total 84480K, used 16383K [0x0000000784000000, 0x0000000789280000, 0x00000007d6a80000)
  object space 84480K, 19% used [0x0000000784000000,0x0000000784ffff88,0x0000000789280000)
 PSPermGen       total 21504K, used 18598K [0x0000000779a00000, 0x000000077af00000, 0x0000000784000000)
  object space 21504K, 86% used [0x0000000779a00000,0x000000077ac29800,0x000000077af00000)
}
Event: 5,769 GC heap before
{Heap before GC invocations=7 (full 0):
 PSYoungGen      total 145920K, used 123297K [0x00000007d6a80000, 0x00000007e0a80000, 0x0000000800000000)
  eden space 129024K, 93% used [0x00000007d6a80000,0x00000007de0516c0,0x00000007de880000)
  from space 16896K, 15% used [0x00000007dfa00000,0x00000007dfc96e10,0x00000007e0a80000)
  to   space 17408K, 0% used [0x00000007de880000,0x00000007de880000,0x00000007df980000)
 ParOldGen       total 84480K, used 16383K [0x0000000784000000, 0x0000000789280000, 0x00000007d6a80000)
  object space 84480K, 19% used [0x0000000784000000,0x0000000784ffff88,0x0000000789280000)
 PSPermGen       total 21504K, used 19135K [0x0000000779a00000, 0x000000077af00000, 0x0000000784000000)
  object space 21504K, 88% used [0x0000000779a00000,0x000000077acafc18,0x000000077af00000)
Event: 5,791 GC heap after
Heap after GC invocations=7 (full 0):
 PSYoungGen      total 146432K, used 17376K [0x00000007d6a80000, 0x00000007e9180000, 0x0000000800000000)
  eden space 129024K, 0% used [0x00000007d6a80000,0x00000007d6a80000,0x00000007de880000)
  from space 17408K, 99% used [0x00000007de880000,0x00000007df978170,0x00000007df980000)
  to   space 22016K, 0% used [0x00000007e7c00000,0x00000007e7c00000,0x00000007e9180000)
 ParOldGen       total 84480K, used 17754K [0x0000000784000000, 0x0000000789280000, 0x00000007d6a80000)
  object space 84480K, 21% used [0x0000000784000000,0x00000007851569e8,0x0000000789280000)
 PSPermGen       total 21504K, used 19135K [0x0000000779a00000, 0x000000077af00000, 0x0000000784000000)
  object space 21504K, 88% used [0x0000000779a00000,0x000000077acafc18,0x000000077af00000)
}
Event: 6,193 GC heap before
{Heap before GC invocations=8 (full 0):
 PSYoungGen      total 146432K, used 146400K [0x00000007d6a80000, 0x00000007e9180000, 0x0000000800000000)
  eden space 129024K, 100% used [0x00000007d6a80000,0x00000007de880000,0x00000007de880000)
  from space 17408K, 99% used [0x00000007de880000,0x00000007df978170,0x00000007df980000)
  to   space 22016K, 0% used [0x00000007e7c00000,0x00000007e7c00000,0x00000007e9180000)
 ParOldGen       total 84480K, used 17754K [0x0000000784000000, 0x0000000789280000, 0x00000007d6a80000)
  object space 84480K, 21% used [0x0000000784000000,0x00000007851569e8,0x0000000789280000)
 PSPermGen       total 21504K, used 19155K [0x0000000779a00000, 0x000000077af00000, 0x0000000784000000)
  object space 21504K, 89% used [0x0000000779a00000,0x000000077acb4ed0,0x000000077af00000)
Event: 6,211 GC heap after
Heap after GC invocations=8 (full 0):
 PSYoungGen      total 277504K, used 17408K [0x00000007d6a80000, 0x00000007e9680000, 0x0000000800000000)
  eden space 255488K, 0% used [0x00000007d6a80000,0x00000007d6a80000,0x00000007e6400000)
  from space 22016K, 79% used [0x00000007e7c00000,0x00000007e8d00178,0x00000007e9180000)
  to   space 24576K, 0% used [0x00000007e6400000,0x00000007e6400000,0x00000007e7c00000)
 ParOldGen       total 84480K, used 34818K [0x0000000784000000, 0x0000000789280000, 0x00000007d6a80000)
  object space 84480K, 41% used [0x0000000784000000,0x0000000786200b68,0x0000000789280000)
 PSPermGen       total 21504K, used 19155K [0x0000000779a00000, 0x000000077af00000, 0x0000000784000000)
  object space 21504K, 89% used [0x0000000779a00000,0x000000077acb4ed0,0x000000077af00000)
}
Event: 7,182 GC heap before
{Heap before GC invocations=9 (full 0):
 PSYoungGen      total 277504K, used 272896K [0x00000007d6a80000, 0x00000007e9680000, 0x0000000800000000)
  eden space 255488K, 100% used [0x00000007d6a80000,0x00000007e6400000,0x00000007e6400000)
  from space 22016K, 79% used [0x00000007e7c00000,0x00000007e8d00178,0x00000007e9180000)
  to   space 24576K, 0% used [0x00000007e6400000,0x00000007e6400000,0x00000007e7c00000)
 ParOldGen       total 84480K, used 34818K [0x0000000784000000, 0x0000000789280000, 0x00000007d6a80000)
  object space 84480K, 41% used [0x0000000784000000,0x0000000786200b68,0x0000000789280000)
 PSPermGen       total 21504K, used 19176K [0x0000000779a00000, 0x000000077af00000, 0x0000000784000000)
  object space 21504K, 89% used [0x0000000779a00000,0x000000077acba3c0,0x000000077af00000)
Event: 7,201 GC heap after
Heap after GC invocations=9 (full 0):
 PSYoungGen      total 280064K, used 17824K [0x00000007d6a80000, 0x00000007f2e00000, 0x0000000800000000)
  eden space 255488K, 0% used [0x00000007d6a80000,0x00000007d6a80000,0x00000007e6400000)
  from space 24576K, 72% used [0x00000007e6400000,0x00000007e7568148,0x00000007e7c00000)
  to   space 26624K, 0% used [0x00000007f1400000,0x00000007f1400000,0x00000007f2e00000)
 ParOldGen       total 84480K, used 34850K [0x0000000784000000, 0x0000000789280000, 0x00000007d6a80000)
  object space 84480K, 41% used [0x0000000784000000,0x0000000786208b68,0x0000000789280000)
 PSPermGen       total 21504K, used 19176K [0x0000000779a00000, 0x000000077af00000, 0x0000000784000000)
  object space 21504K, 89% used [0x0000000779a00000,0x000000077acba3c0,0x000000077af00000)
}
Event: 8,141 GC heap before
{Heap before GC invocations=10 (full 0):
 PSYoungGen      total 280064K, used 273312K [0x00000007d6a80000, 0x00000007f2e00000, 0x0000000800000000)
  eden space 255488K, 100% used [0x00000007d6a80000,0x00000007e6400000,0x00000007e6400000)
  from space 24576K, 72% used [0x00000007e6400000,0x00000007e7568148,0x00000007e7c00000)
  to   space 26624K, 0% used [0x00000007f1400000,0x00000007f1400000,0x00000007f2e00000)
 ParOldGen       total 84480K, used 34850K [0x0000000784000000, 0x0000000789280000, 0x00000007d6a80000)
  object space 84480K, 41% used [0x0000000784000000,0x0000000786208b68,0x0000000789280000)
 PSPermGen       total 21504K, used 19178K [0x0000000779a00000, 0x000000077af00000, 0x0000000784000000)
  object space 21504K, 89% used [0x0000000779a00000,0x000000077acbabc8,0x000000077af00000)
Event: 8,202 GC heap after
Heap after GC invocations=10 (full 0):
 PSYoungGen      total 434688K, used 3125K [0x00000007d6a80000, 0x00000007f2d00000, 0x0000000800000000)
  eden space 409088K, 0% used [0x00000007d6a80000,0x00000007d6a80000,0x00000007efa00000)
  from space 25600K, 12% used [0x00000007f1400000,0x00000007f170d768,0x00000007f2d00000)
  to   space 26112K, 0% used [0x00000007efa00000,0x00000007efa00000,0x00000007f1380000)
 ParOldGen       total 84480K, used 52003K [0x0000000784000000, 0x0000000789280000, 0x00000007d6a80000)
  object space 84480K, 61% used [0x0000000784000000,0x00000007872c8ce8,0x0000000789280000)
 PSPermGen       total 21504K, used 19178K [0x0000000779a00000, 0x000000077af00000, 0x0000000784000000)
  object space 21504K, 89% used [0x0000000779a00000,0x000000077acbabc8,0x000000077af00000)
}
Event: 10,002 GC heap before
{Heap before GC invocations=11 (full 0):
 PSYoungGen      total 434688K, used 412213K [0x00000007d6a80000, 0x00000007f2d00000, 0x0000000800000000)
  eden space 409088K, 100% used [0x00000007d6a80000,0x00000007efa00000,0x00000007efa00000)
  from space 25600K, 12% used [0x00000007f1400000,0x00000007f170d768,0x00000007f2d00000)
  to   space 26112K, 0% used [0x00000007efa00000,0x00000007efa00000,0x00000007f1380000)
 ParOldGen       total 84480K, used 52003K [0x0000000784000000, 0x0000000789280000, 0x00000007d6a80000)
  object space 84480K, 61% used [0x0000000784000000,0x00000007872c8ce8,0x0000000789280000)
 PSPermGen       total 21504K, used 19182K [0x0000000779a00000, 0x000000077af00000, 0x0000000784000000)
  object space 21504K, 89% used [0x0000000779a00000,0x000000077acbb948,0x000000077af00000)

